android/app/build/intermediates/manifest_merge_blame_file/debug/manifest-merger-blame-debug-report.txt
1<?xml version="1.0" encoding="utf-8"?>
2<manifest xmlns:android="http://schemas.android.com/apk/res/android"
3    package="com.sanspaper.form"
4    android:versionCode="2"
5    android:versionName="1.0" >
6
7    <uses-sdk
8        android:minSdkVersion="21"
9        android:targetSdkVersion="30" />
10
11    <uses-permission android:name="android.permission.SYSTEM_ALERT_WINDOW" />
11-->src/debug/AndroidManifest.xml:5:5-77
11-->src/debug/AndroidManifest.xml:5:22-75
12    <uses-permission android:name="android.permission.INTERNET" />
12-->src/main/AndroidManifest.xml:4:5-67
12-->src/main/AndroidManifest.xml:4:22-64
13    <uses-permission android:name="android.permission.CAMERA" />
13-->src/main/AndroidManifest.xml:5:5-64
13-->src/main/AndroidManifest.xml:5:22-62
14
15    <uses-feature
15-->src/main/AndroidManifest.xml:7:5-85
16        android:name="android.hardware.camera"
16-->src/main/AndroidManifest.xml:7:19-57
17        android:required="false" />
17-->src/main/AndroidManifest.xml:7:58-82
18    <uses-feature
18-->src/main/AndroidManifest.xml:8:5-91
19        android:name="android.hardware.camera.front"
19-->src/main/AndroidManifest.xml:8:19-63
20        android:required="false" />
20-->src/main/AndroidManifest.xml:8:64-88
21
22    <uses-permission android:name="android.permission.ACCESS_WIFI_STATE" />
22-->[com.facebook.flipper:flipper:0.93.0] AndroidManifest.xml:16:5-76
22-->[com.facebook.flipper:flipper:0.93.0] AndroidManifest.xml:16:22-73
23    <uses-permission android:name="android.permission.ACCESS_NETWORK_STATE" />
23-->[:react-native-community_netinfo] AndroidManifest.xml:9:5-79
23-->[:react-native-community_netinfo] AndroidManifest.xml:9:22-76
24    <uses-permission android:name="android.permission.WRITE_EXTERNAL_STORAGE" />
24-->[:react-native-fs] AndroidManifest.xml:9:5-81
24-->[:react-native-fs] AndroidManifest.xml:9:22-78
25
26    <queries>
26-->[:react-native-image-crop-picker] AndroidManifest.xml:9:5-13:15
27        <intent>
27-->[:react-native-image-crop-picker] AndroidManifest.xml:10:9-12:18
28            <action android:name="android.media.action.IMAGE_CAPTURE" />
28-->[:react-native-image-crop-picker] AndroidManifest.xml:11:13-73
28-->[:react-native-image-crop-picker] AndroidManifest.xml:11:21-70
29        </intent>
30    </queries> <!-- Required to access Google Play Licensing -->
31    <uses-permission android:name="com.android.vending.CHECK_LICENSE" />
31-->[:rn-fetch-blob] AndroidManifest.xml:10:5-73
31-->[:rn-fetch-blob] AndroidManifest.xml:10:22-70
32    <!--
33         Required to keep CPU alive while downloading files
34        (NOT to keep screen awake)
35    -->
36    <uses-permission android:name="android.permission.WAKE_LOCK" />
36-->[:rn-fetch-blob] AndroidManifest.xml:19:5-68
36-->[:rn-fetch-blob] AndroidManifest.xml:19:22-65
37
38    <application
38-->src/main/AndroidManifest.xml:10:5-29:19
39        android:name="com.sanspaper.form.MainApplication"
39-->src/main/AndroidManifest.xml:11:7-38
40        android:allowBackup="false"
40-->src/main/AndroidManifest.xml:15:7-34
41        android:appComponentFactory="androidx.core.app.CoreComponentFactory"
41-->[androidx.core:core:1.3.2] AndroidManifest.xml:24:18-86
42        android:debuggable="true"
43        android:icon="@mipmap/ic_launcher"
43-->src/main/AndroidManifest.xml:13:7-41
44        android:label="@string/app_name"
44-->src/main/AndroidManifest.xml:12:7-39
45        android:roundIcon="@mipmap/ic_launcher_round"
45-->src/main/AndroidManifest.xml:14:7-52
46        android:theme="@style/AppTheme"
46-->src/main/AndroidManifest.xml:16:7-38
47        android:usesCleartextTraffic="true" >
47-->src/debug/AndroidManifest.xml:8:9-44
48        <activity
48-->src/debug/AndroidManifest.xml:11:9-86
49            android:name="com.facebook.react.devsupport.DevSettingsActivity"
49-->src/debug/AndroidManifest.xml:11:19-83
50            android:exported="false" />
50-->[:react-native-navigation] AndroidManifest.xml:12:13-37
51        <activity
51-->src/main/AndroidManifest.xml:17:7-28:18
52            android:name="com.sanspaper.form.MainActivity"
52-->src/main/AndroidManifest.xml:18:9-37
53            android:configChanges="keyboard|keyboardHidden|orientation|screenSize|uiMode"
53-->src/main/AndroidManifest.xml:21:9-86
54            android:exported="true"
54-->src/main/AndroidManifest.xml:19:9-32
55            android:label="@string/app_name"
55-->src/main/AndroidManifest.xml:20:9-41
56            android:launchMode="singleTask"
56-->src/main/AndroidManifest.xml:22:9-40
57            android:windowSoftInputMode="adjustResize" >
57-->src/main/AndroidManifest.xml:23:9-51
58            <intent-filter>
58-->src/main/AndroidManifest.xml:24:9-27:25
59                <action android:name="android.intent.action.MAIN" />
59-->src/main/AndroidManifest.xml:25:13-65
59-->src/main/AndroidManifest.xml:25:21-62
60
61                <category android:name="android.intent.category.LAUNCHER" />
61-->src/main/AndroidManifest.xml:26:13-73
61-->src/main/AndroidManifest.xml:26:23-70
62            </intent-filter>
63        </activity>
64
65        <provider
65-->[:react-native-image-crop-picker] AndroidManifest.xml:18:9-26:20
66            android:name="androidx.core.content.FileProvider"
66-->[:react-native-image-crop-picker] AndroidManifest.xml:19:13-62
67            android:authorities="com.sanspaper.form.provider"
67-->[:react-native-image-crop-picker] AndroidManifest.xml:20:13-60
68            android:exported="false"
68-->[:react-native-image-crop-picker] AndroidManifest.xml:21:13-37
69            android:grantUriPermissions="true" >
69-->[:react-native-image-crop-picker] AndroidManifest.xml:22:13-47
70            <meta-data
70-->[:react-native-image-crop-picker] AndroidManifest.xml:23:13-25:58
71                android:name="android.support.FILE_PROVIDER_PATHS"
71-->[:react-native-image-crop-picker] AndroidManifest.xml:24:17-67
72                android:resource="@xml/provider_paths" />
72-->[:react-native-image-crop-picker] AndroidManifest.xml:25:17-55
73        </provider>
74
75        <activity
75-->[:react-native-image-crop-picker] AndroidManifest.xml:28:9-30:72
76            android:name="com.yalantis.ucrop.UCropActivity"
76-->[:react-native-image-crop-picker] AndroidManifest.xml:29:13-60
77            android:theme="@style/Theme.AppCompat.Light.NoActionBar" />
77-->[:react-native-image-crop-picker] AndroidManifest.xml:30:13-69
78
79        <provider
79-->[:rn-fetch-blob] AndroidManifest.xml:34:9-42:20
80            android:name="com.RNFetchBlob.Utils.FileProvider"
80-->[:rn-fetch-blob] AndroidManifest.xml:35:13-62
81            android:authorities="com.sanspaper.form.provider"
81-->[:rn-fetch-blob] AndroidManifest.xml:36:13-60
82            android:exported="false"
82-->[:rn-fetch-blob] AndroidManifest.xml:37:13-37
83            android:grantUriPermissions="true" >
83-->[:rn-fetch-blob] AndroidManifest.xml:38:13-47
84            <meta-data
84-->[:react-native-image-crop-picker] AndroidManifest.xml:23:13-25:58
85                android:name="android.support.FILE_PROVIDER_PATHS"
85-->[:react-native-image-crop-picker] AndroidManifest.xml:24:17-67
86                android:resource="@xml/provider_paths" />
86-->[:react-native-image-crop-picker] AndroidManifest.xml:25:17-55
87        </provider>
88    </application>
89
90</manifest>